ShimmerExample/build/outputs/logs/manifest-merger-debug-report.txt
-- Merging decision tree log ---
manifest
ADDED from Shimmer_Java_Android_API_v2.10/ShimmerExample/AndroidManifest.xml:2:1-24:12
	xmlns:tools
		ADDED from Shimmer_Java_Android_API_v2.10/ShimmerExample/AndroidManifest.xml:3:5-51
	xmlns:android
		ADDED from Shimmer_Java_Android_API_v2.10/ShimmerExample/AndroidManifest.xml:2:11-69
	package
		ADDED from Shimmer_Java_Android_API_v2.10/ShimmerExample/AndroidManifest.xml:5:33-77
	android:versionName
		ADDED from Shimmer_Java_Android_API_v2.10/ShimmerExample/AndroidManifest.xml:5:7-32
	android:versionCode
		ADDED from Shimmer_Java_Android_API_v2.10/ShimmerExample/AndroidManifest.xml:4:5-28
		INJECTED from Shimmer_Java_Android_API_v2.10/ShimmerExample/AndroidManifest.xml
		INJECTED from Shimmer_Java_Android_API_v2.10/ShimmerExample/AndroidManifest.xml
uses-sdk
ADDED from Shimmer_Java_Android_API_v2.10/ShimmerExample/AndroidManifest.xml:6:5-44
MERGED from [Shimmer_Java_Android_API_v2.10:ShimmerAndroidInstrumentDriver:unspecified] AndroidManifest.xml:7:5-9:41
	android:targetSdkVersion
		ADDED from [Shimmer_Java_Android_API_v2.10:ShimmerAndroidInstrumentDriver:unspecified] AndroidManifest.xml:9:9-38
	android:minSdkVersion
		ADDED from Shimmer_Java_Android_API_v2.10/ShimmerExample/AndroidManifest.xml:6:15-41
uses-permission#android.permission.BLUETOOTH_ADMIN
ADDED from Shimmer_Java_Android_API_v2.10/ShimmerExample/AndroidManifest.xml:7:5-90
	android:name
		ADDED from Shimmer_Java_Android_API_v2.10/ShimmerExample/AndroidManifest.xml:7:22-71
uses-permission#android.permission.BLUETOOTH
ADDED from Shimmer_Java_Android_API_v2.10/ShimmerExample/AndroidManifest.xml:8:2-81
	android:name
		ADDED from Shimmer_Java_Android_API_v2.10/ShimmerExample/AndroidManifest.xml:8:19-62
application
ADDED from Shimmer_Java_Android_API_v2.10/ShimmerExample/AndroidManifest.xml:9:5-22:19
MERGED from [Shimmer_Java_Android_API_v2.10:ShimmerAndroidInstrumentDriver:unspecified] AndroidManifest.xml:11:5-15:19
	android:allowBackup
		ADDED from [Shimmer_Java_Android_API_v2.10:ShimmerAndroidInstrumentDriver:unspecified] AndroidManifest.xml:12:9-35
	android:label
		ADDED from Shimmer_Java_Android_API_v2.10/ShimmerExample/AndroidManifest.xml:11:9-41
	android:debuggable
		ADDED from Shimmer_Java_Android_API_v2.10/ShimmerExample/AndroidManifest.xml:11:42-67
	android:icon
		ADDED from Shimmer_Java_Android_API_v2.10/ShimmerExample/AndroidManifest.xml:10:9-45
	android:theme
		ADDED from [Shimmer_Java_Android_API_v2.10:ShimmerAndroidInstrumentDriver:unspecified] AndroidManifest.xml:14:9-40
	tools:ignore
		ADDED from Shimmer_Java_Android_API_v2.10/ShimmerExample/AndroidManifest.xml:12:9-42
activity#com.shimmerresearch.ShimmerExample.ShimmerExampleActivity
ADDED from Shimmer_Java_Android_API_v2.10/ShimmerExample/AndroidManifest.xml:13:9-21:20
	android:label
		ADDED from Shimmer_Java_Android_API_v2.10/ShimmerExample/AndroidManifest.xml:15:13-45
	android:name
		ADDED from Shimmer_Java_Android_API_v2.10/ShimmerExample/AndroidManifest.xml:14:13-51
intent-filter#android.intent.action.MAIN+android.intent.category.LAUNCHER
ADDED from Shimmer_Java_Android_API_v2.10/ShimmerExample/AndroidManifest.xml:16:13-20:29
action#android.intent.action.MAIN
ADDED from Shimmer_Java_Android_API_v2.10/ShimmerExample/AndroidManifest.xml:17:17-69
	android:name
		ADDED from Shimmer_Java_Android_API_v2.10/ShimmerExample/AndroidManifest.xml:17:25-66
category#android.intent.category.LAUNCHER
ADDED from Shimmer_Java_Android_API_v2.10/ShimmerExample/AndroidManifest.xml:19:17-77
	android:name
		ADDED from Shimmer_Java_Android_API_v2.10/ShimmerExample/AndroidManifest.xml:19:27-74